22:14:42.014 [main] TRACE hello.HelloWorld - entry
22:14:42.243 [main] INFO  com.stormpath.service.ServiceProvider - Enter...setContext()
22:14:42.243 [main] INFO  com.stormpath.service.ServiceProvider - Enter...getPasswordValidator()
22:14:42.243 [main] INFO  com.stormpath.service.ServiceProvider - Enter...getRuleMgr()
22:14:42.247 [main] INFO  com.stormpath.service.PasswordRuleMgr - ...loading default rules...
22:14:42.247 [main] INFO  com.stormpath.service.PasswordRuleMgr - rule file:rules
22:14:42.248 [main] INFO  com.stormpath.service.PasswordRuleMgr - Password must be between 5 and 12 characters in length: .{5,12}
22:14:42.248 [main] INFO  com.stormpath.service.PasswordRuleMgr - Enter...addRule:msg: Password must be between 5 and 12 characters in length, rule: .{5,12}
22:14:42.248 [main] INFO  com.stormpath.service.PasswordRuleMgr - Password must not contain any sequence of characters immediately followed by the same sequence: custom
22:14:42.248 [main] INFO  com.stormpath.service.PasswordRuleMgr - Enter...addRule:msg: Password must not contain any sequence of characters immediately followed by the same sequence, rule: custom
22:14:42.248 [main] INFO  com.stormpath.service.PasswordRuleMgr - Password must consist of a mixture of lowercase letters and numerical digits only with at least one of each: ^(?=.*[0-9])(?=.*[a-z])[0-9a-z]+$
22:14:42.248 [main] INFO  com.stormpath.service.PasswordRuleMgr - Enter...addRule:msg: Password must consist of a mixture of lowercase letters and numerical digits only with at least one of each, rule: ^(?=.*[0-9])(?=.*[a-z])[0-9a-z]+$
22:14:42.248 [main] INFO  com.stormpath.service.PasswordRuleMgr - Enter...addRule:msg: .{5,8}, rule: new rule: .{5,8}
22:14:42.248 [main] INFO  com.stormpath.service.PasswordRuleMgr - Enter...removeRule msg: .{5,12}
22:14:42.248 [main] ERROR com.stormpath.service.PasswordRuleMgr - Can't remove this rule. It doesn't exist!!
22:14:42.248 [main] INFO  com.stormpath.service.PasswordRuleMgr - Enter...removeAllRule 
22:14:42.249 [main] INFO  com.stormpath.service.PasswordValidator - Enter...validate::password: adsffasf
22:14:42.249 [main] INFO  com.stormpath.service.ServiceProvider - Enter...getRuleMgr()
22:14:42.249 [main] INFO  com.stormpath.service.PasswordRuleMgr - ...loading default rules...
22:14:42.249 [main] INFO  com.stormpath.service.PasswordRuleMgr - rule file:rules
22:14:42.249 [main] INFO  com.stormpath.service.PasswordRuleMgr - Password must be between 5 and 12 characters in length: .{5,12}
22:14:42.249 [main] INFO  com.stormpath.service.PasswordRuleMgr - Enter...addRule:msg: Password must be between 5 and 12 characters in length, rule: .{5,12}
22:14:42.249 [main] INFO  com.stormpath.service.PasswordRuleMgr - Password must not contain any sequence of characters immediately followed by the same sequence: custom
22:14:42.249 [main] INFO  com.stormpath.service.PasswordRuleMgr - Enter...addRule:msg: Password must not contain any sequence of characters immediately followed by the same sequence, rule: custom
22:14:42.249 [main] INFO  com.stormpath.service.PasswordRuleMgr - Password must consist of a mixture of lowercase letters and numerical digits only with at least one of each: ^(?=.*[0-9])(?=.*[a-z])[0-9a-z]+$
22:14:42.249 [main] INFO  com.stormpath.service.PasswordRuleMgr - Enter...addRule:msg: Password must consist of a mixture of lowercase letters and numerical digits only with at least one of each, rule: ^(?=.*[0-9])(?=.*[a-z])[0-9a-z]+$
22:14:42.249 [main] INFO  com.stormpath.service.PasswordValidator - Enter...validate::mgr: com.stormpath.service.PasswordRuleMgr@27f87600password: adsffasf
22:14:42.249 [main] INFO  com.stormpath.service.PasswordRuleMgr - Enter...getRuleMap
22:14:42.249 [main] INFO  com.stormpath.service.PasswordValidator - validating regex: .{5,12}
22:14:42.250 [main] INFO  com.stormpath.service.PasswordValidator - Password is: good
22:14:42.250 [main] INFO  com.stormpath.service.PasswordValidator - validating rule: Password must not contain any sequence of characters immediately followed by the same sequence
22:14:42.250 [main] INFO  com.stormpath.service.PasswordValidator - Enter...validateCustom: customized rule: Password must not contain any sequence of characters immediately followed by the same sequence, password: adsffasf
22:14:42.250 [main] INFO  com.stormpath.service.PasswordValidator - Password is: bad
22:14:42.250 [main] INFO  com.stormpath.service.PasswordRuleMgr - Enter...getRuleMap
22:15:35.147 [main] TRACE hello.HelloWorld - entry
22:15:35.376 [main] INFO  com.stormpath.service.ServiceProvider - Enter...setContext()
22:15:35.376 [main] INFO  com.stormpath.service.ServiceProvider - Enter...getPasswordValidator()
22:15:35.376 [main] INFO  com.stormpath.service.ServiceProvider - Enter...getRuleMgr()
22:15:35.379 [main] INFO  com.stormpath.service.PasswordRuleMgr - ...loading default rules...
22:15:35.379 [main] INFO  com.stormpath.service.PasswordRuleMgr - rule file:rules
22:15:35.380 [main] INFO  com.stormpath.service.PasswordRuleMgr - Password must be between 5 and 12 characters in length: .{5,12}
22:15:35.380 [main] INFO  com.stormpath.service.PasswordRuleMgr - Enter...addRule:msg: Password must be between 5 and 12 characters in length, rule: .{5,12}
22:15:35.381 [main] INFO  com.stormpath.service.PasswordRuleMgr - Password must not contain any sequence of characters immediately followed by the same sequence: custom
22:15:35.381 [main] INFO  com.stormpath.service.PasswordRuleMgr - Enter...addRule:msg: Password must not contain any sequence of characters immediately followed by the same sequence, rule: custom
22:15:35.381 [main] INFO  com.stormpath.service.PasswordRuleMgr - Password must consist of a mixture of lowercase letters and numerical digits only with at least one of each: ^(?=.*[0-9])(?=.*[a-z])[0-9a-z]+$
22:15:35.381 [main] INFO  com.stormpath.service.PasswordRuleMgr - Enter...addRule:msg: Password must consist of a mixture of lowercase letters and numerical digits only with at least one of each, rule: ^(?=.*[0-9])(?=.*[a-z])[0-9a-z]+$
22:15:35.381 [main] INFO  com.stormpath.service.PasswordRuleMgr - Enter...addRule:msg: .{5,8}, rule: new rule: .{5,8}
22:15:35.381 [main] INFO  com.stormpath.service.PasswordRuleMgr - Enter...removeRule msg: .{5,12}
22:15:35.381 [main] ERROR com.stormpath.service.PasswordRuleMgr - Can't remove this rule. It doesn't exist!!
22:15:35.381 [main] INFO  com.stormpath.service.PasswordRuleMgr - Enter...removeAllRule 
22:15:35.381 [main] INFO  com.stormpath.service.PasswordValidator - Enter...validate::mgr: com.stormpath.service.PasswordRuleMgr@27f87600password: adsffasf
22:15:35.381 [main] INFO  com.stormpath.service.PasswordRuleMgr - Enter...getRuleMap
22:15:35.381 [main] INFO  com.stormpath.service.PasswordRuleMgr - Enter...getRuleMap
00:20:34.549 [main] TRACE hello.HelloWorld - entry
00:20:34.783 [main] INFO  com.stormpath.service.ServiceProvider - Enter...setContext()
00:20:34.783 [main] INFO  com.stormpath.service.ServiceProvider - Enter...setContext()
00:20:34.812 [main] INFO  com.stormpath.service.ServiceProvider - Enter...getPasswordValidator()
00:20:34.812 [main] INFO  com.stormpath.service.ServiceProvider - Enter...getRuleMgr()
00:20:34.815 [main] INFO  com.stormpath.service.PasswordRuleMgr - ...loading default rules...
00:20:34.815 [main] INFO  com.stormpath.service.PasswordRuleMgr - rule file:test.properties
00:21:00.003 [main] TRACE hello.HelloWorld - entry
00:21:00.238 [main] INFO  com.stormpath.service.ServiceProvider - Enter...setContext()
00:21:00.238 [main] INFO  com.stormpath.service.ServiceProvider - Enter...setContext()
00:21:00.267 [main] INFO  com.stormpath.service.ServiceProvider - Enter...getPasswordValidator()
00:21:00.267 [main] INFO  com.stormpath.service.ServiceProvider - Enter...getRuleMgr()
00:21:00.270 [main] INFO  com.stormpath.service.PasswordRuleMgr - ...loading default rules...
00:21:00.270 [main] INFO  com.stormpath.service.PasswordRuleMgr - rule file:test
00:21:00.272 [main] INFO  com.stormpath.service.PasswordRuleMgr - .{3,20}: Password must be between 3 and 20 characters in length
00:21:00.272 [main] INFO  com.stormpath.service.PasswordRuleMgr - Enter...addRule:msg: .{3,20}, rule: Password must be between 3 and 20 characters in length
00:21:00.272 [main] INFO  com.stormpath.service.PasswordValidator - Enter...validate::mgr: com.stormpath.service.PasswordRuleMgr@a6edcf4password: adsffasf
00:21:00.272 [main] INFO  com.stormpath.service.PasswordRuleMgr - Enter...getRuleMap
00:21:00.272 [main] INFO  com.stormpath.service.PasswordValidator - validating regex: Password must be between 3 and 20 characters in length
00:21:00.272 [main] INFO  com.stormpath.service.PasswordValidator - Password is: bad
00:21:00.273 [main] INFO  com.stormpath.service.PasswordRuleMgr - Enter...getRuleMap
22:20:47.714 [main] TRACE hello.HelloWorld - entry
22:20:47.945 [main] INFO  com.stormpath.service.ServiceProvider - Enter...setContext()
22:20:47.945 [main] INFO  com.stormpath.service.ServiceProvider - Enter...setContext()
22:20:47.973 [main] INFO  com.stormpath.service.ServiceProvider - Enter...getPasswordValidator()
22:20:47.973 [main] INFO  com.stormpath.service.ServiceProvider - Enter...getRuleMgr()
22:20:47.976 [main] INFO  com.stormpath.service.PasswordRuleMgr - ...loading default rules...
22:20:47.976 [main] INFO  com.stormpath.service.PasswordRuleMgr - rule file:test
22:20:47.977 [main] INFO  com.stormpath.service.PasswordRuleMgr - .{3,20}: Password must be between 3 and 20 characters in length
22:20:47.977 [main] INFO  com.stormpath.service.PasswordRuleMgr - Enter...addRule:msg: .{3,20}, rule: Password must be between 3 and 20 characters in length
22:20:47.977 [main] INFO  com.stormpath.service.PasswordValidator - Enter...validate::mgr: com.stormpath.service.PasswordRuleMgr@50958d49password: adsffasf
22:20:47.977 [main] INFO  com.stormpath.service.PasswordRuleMgr - Enter...getRuleMap
22:20:47.977 [main] INFO  com.stormpath.service.PasswordValidator - validating regex: Password must be between 3 and 20 characters in length
22:20:47.978 [main] INFO  com.stormpath.service.PasswordValidator - Password is: bad
22:20:47.978 [main] INFO  com.stormpath.service.PasswordRuleMgr - Enter...getRuleMap
22:21:01.940 [main] TRACE hello.HelloWorld - entry
22:21:02.168 [main] INFO  com.stormpath.service.ServiceProvider - Enter...setContext()
22:21:02.168 [main] INFO  com.stormpath.service.ServiceProvider - Enter...setContext()
22:21:02.195 [main] INFO  com.stormpath.service.ServiceProvider - Enter...getPasswordValidator()
22:21:02.195 [main] INFO  com.stormpath.service.ServiceProvider - Enter...getRuleMgr()
22:21:02.199 [main] INFO  com.stormpath.service.PasswordRuleMgr - ...loading default rules...
22:21:02.199 [main] INFO  com.stormpath.service.PasswordRuleMgr - rule file:rules
22:21:02.200 [main] INFO  com.stormpath.service.PasswordRuleMgr - Password must be between 5 and 12 characters in length: .{5,12}
22:21:02.200 [main] INFO  com.stormpath.service.PasswordRuleMgr - Enter...addRule:msg: Password must be between 5 and 12 characters in length, rule: .{5,12}
22:21:02.200 [main] INFO  com.stormpath.service.PasswordRuleMgr - Password must not contain any sequence of characters immediately followed by the same sequence: custom
22:21:02.200 [main] INFO  com.stormpath.service.PasswordRuleMgr - Enter...addRule:msg: Password must not contain any sequence of characters immediately followed by the same sequence, rule: custom
22:21:02.200 [main] INFO  com.stormpath.service.PasswordRuleMgr - Password must consist of a mixture of lowercase letters and numerical digits only with at least one of each: ^(?=.*[0-9])(?=.*[a-z])[0-9a-z]+$
22:21:02.200 [main] INFO  com.stormpath.service.PasswordRuleMgr - Enter...addRule:msg: Password must consist of a mixture of lowercase letters and numerical digits only with at least one of each, rule: ^(?=.*[0-9])(?=.*[a-z])[0-9a-z]+$
22:21:02.200 [main] INFO  com.stormpath.service.PasswordValidator - Enter...validate::mgr: com.stormpath.service.PasswordRuleMgr@65c49b79password: adsffasf
22:21:02.200 [main] INFO  com.stormpath.service.PasswordRuleMgr - Enter...getRuleMap
22:21:02.200 [main] INFO  com.stormpath.service.PasswordValidator - validating regex: .{5,12}
22:21:02.201 [main] INFO  com.stormpath.service.PasswordValidator - Password is: good
22:21:02.201 [main] INFO  com.stormpath.service.PasswordValidator - validating rule: Password must not contain any sequence of characters immediately followed by the same sequence
22:21:02.201 [main] INFO  com.stormpath.service.PasswordValidator - Enter...validateCustom: customized rule: Password must not contain any sequence of characters immediately followed by the same sequence, password: adsffasf
22:21:02.201 [main] INFO  com.stormpath.service.PasswordValidator - Password is: bad
22:21:02.201 [main] INFO  com.stormpath.service.PasswordRuleMgr - Enter...getRuleMap
